<?xml version="1.0" encoding="UTF-8"?>
<testsuites>
  <testsuite name="Tests\Integration\AttendanceConsolidateTest" file="D:\Projects\syscone\tests\Integration\AttendanceConsolidateTest.php" tests="1" assertions="2" errors="1" failures="0" skipped="0" time="0.523887">
    <testcase name="test_import_button_saves_valid_csv_without_review" file="D:\Projects\syscone\tests\Integration\AttendanceConsolidateTest.php" line="68" class="Tests\Integration\AttendanceConsolidateTest" classname="Tests.Integration.AttendanceConsolidateTest" assertions="2" time="0.523887">
      <error type="Error">Tests\Integration\AttendanceConsolidateTest::test_import_button_saves_valid_csv_without_review&#13;
Error: Call to a member function all() on array
&#13;
D:\Projects\syscone\vendor\laravel\framework\src\Illuminate\Testing\TestResponseAssert.php:81
D:\Projects\syscone\vendor\laravel\framework\src\Illuminate\Testing\TestResponseAssert.php:47
D:\Projects\syscone\vendor\laravel\framework\src\Illuminate\Testing\TestResponse.php:433
D:\Projects\syscone\vendor\laravel\framework\src\Illuminate\Testing\TestResponse.php:207
D:\Projects\syscone\tests\Integration\AttendanceConsolidateTest.php:70</error>
    </testcase>
  </testsuite>
</testsuites>
